src/AplicacionMovil/BTLE/app/build/intermediates/manifest_merge_blame_file/debug/manifest-merger-blame-debug-report.txt
1<?xml version="1.0" encoding="utf-8"?>
2<manifest xmlns:android="http://schemas.android.com/apk/res/android"
3    package="com.example.daferfus_upv.btle"
4    android:versionCode="1"
5    android:versionName="1.0" >
6
7    <uses-sdk
8        android:minSdkVersion="26"
8-->src\main\AndroidManifest.xml
9        android:targetSdkVersion="30" />
9-->src\main\AndroidManifest.xml
10
11    <uses-permission android:name="android.permission.BLUETOOTH" />
11-->src\main\AndroidManifest.xml:6:5-68
11-->src\main\AndroidManifest.xml:6:22-65
12    <uses-permission android:name="android.permission.BLUETOOTH_ADMIN" />
12-->src\main\AndroidManifest.xml:7:5-74
12-->src\main\AndroidManifest.xml:7:22-71
13    <uses-permission android:name="android.permission.ACCESS_COARSE_LOCATION" />
13-->src\main\AndroidManifest.xml:8:5-81
13-->src\main\AndroidManifest.xml:8:22-78
14    <uses-permission android:name="android.permission.ACCESS_FINE_LOCATION" />
14-->src\main\AndroidManifest.xml:9:5-79
14-->src\main\AndroidManifest.xml:9:22-76
15    <uses-permission android:name="android.permission.FOREGROUND_SERVICE" />
15-->src\main\AndroidManifest.xml:10:5-77
15-->src\main\AndroidManifest.xml:10:22-74
16    <uses-permission android:name="android.permission.INTERNET" />
16-->src\main\AndroidManifest.xml:11:5-67
16-->src\main\AndroidManifest.xml:11:22-64
17    <uses-permission android:name="android.permission.ACCESS_NETWORK_STATE" />
17-->src\main\AndroidManifest.xml:12:5-79
17-->src\main\AndroidManifest.xml:12:22-76
18    <uses-permission android:name="android.permission.WAKE_LOCK" />
18-->[androidx.work:work-runtime:2.0.0] AndroidManifest.xml:23:5-68
18-->[androidx.work:work-runtime:2.0.0] AndroidManifest.xml:23:22-65
19    <uses-permission android:name="android.permission.RECEIVE_BOOT_COMPLETED" />
19-->[androidx.work:work-runtime:2.0.0] AndroidManifest.xml:25:5-81
19-->[androidx.work:work-runtime:2.0.0] AndroidManifest.xml:25:22-78
20
21    <application
21-->src\main\AndroidManifest.xml:14:5-70:19
22        android:name="com.example.daferfus_upv.btle.MyApplication"
22-->src\main\AndroidManifest.xml:14:18-76
23        android:allowBackup="true"
23-->src\main\AndroidManifest.xml:15:9-35
24        android:appComponentFactory="androidx.core.app.CoreComponentFactory"
24-->[androidx.core:core:1.3.1] AndroidManifest.xml:24:18-86
25        android:debuggable="true"
26        android:extractNativeLibs="false"
27        android:icon="@mipmap/ic_launcher_atodogas"
27-->src\main\AndroidManifest.xml:16:9-52
28        android:label="@string/app_name"
28-->src\main\AndroidManifest.xml:17:9-41
29        android:roundIcon="@mipmap/ic_launcher_atodogas_round"
29-->src\main\AndroidManifest.xml:18:9-63
30        android:supportsRtl="true"
30-->src\main\AndroidManifest.xml:19:9-35
31        android:testOnly="true"
32        android:theme="@style/AppTheme"
32-->src\main\AndroidManifest.xml:20:9-40
33        android:usesCleartextTraffic="true" >
33-->src\main\AndroidManifest.xml:21:9-44
34        <service
34-->src\main\AndroidManifest.xml:22:9-26:53
35            android:name="com.example.daferfus_upv.btle.Utilidades.TratamientoDeLecturas"
35-->src\main\AndroidManifest.xml:23:13-61
36            android:enabled="true"
36-->src\main\AndroidManifest.xml:24:13-35
37            android:exported="true" />
37-->src\main\AndroidManifest.xml:25:13-36
38
39        <activity android:name="com.example.daferfus_upv.btle.SplashScreen" >
39-->src\main\AndroidManifest.xml:29:9-35:20
39-->src\main\AndroidManifest.xml:29:19-47
40            <intent-filter>
40-->src\main\AndroidManifest.xml:30:13-34:29
41                <action android:name="android.intent.action.MAIN" />
41-->src\main\AndroidManifest.xml:31:17-69
41-->src\main\AndroidManifest.xml:31:25-66
42
43                <category android:name="android.intent.category.LAUNCHER" />
43-->src\main\AndroidManifest.xml:33:17-77
43-->src\main\AndroidManifest.xml:33:27-74
44            </intent-filter>
45        </activity>
46        <activity
46-->src\main\AndroidManifest.xml:37:9-39:44
47            android:name="com.example.daferfus_upv.btle.Perfil"
47-->src\main\AndroidManifest.xml:37:19-41
48            android:screenOrientation="portrait" />
48-->src\main\AndroidManifest.xml:38:13-49
49        <activity
49-->src\main\AndroidManifest.xml:40:9-41:51
50            android:name="com.example.daferfus_upv.btle.AcercaDe.InstruccionesActivity"
50-->src\main\AndroidManifest.xml:40:19-65
51            android:screenOrientation="portrait" />
51-->src\main\AndroidManifest.xml:41:13-49
52        <activity
52-->src\main\AndroidManifest.xml:42:9-44:45
53            android:name="com.example.daferfus_upv.btle.Activities.LoginActivity"
53-->src\main\AndroidManifest.xml:42:19-59
54            android:screenOrientation="portrait" />
54-->src\main\AndroidManifest.xml:43:13-49
55        <activity
55-->src\main\AndroidManifest.xml:45:9-47:45
56            android:name="com.example.daferfus_upv.btle.PaginaGraficas"
56-->src\main\AndroidManifest.xml:45:19-49
57            android:screenOrientation="portrait" />
57-->src\main\AndroidManifest.xml:46:13-49
58        <activity
58-->src\main\AndroidManifest.xml:48:9-50:45
59            android:name="com.example.daferfus_upv.btle.Activities.AdminActivity"
59-->src\main\AndroidManifest.xml:48:19-59
60            android:screenOrientation="portrait" />
60-->src\main\AndroidManifest.xml:49:13-49
61        <activity
61-->src\main\AndroidManifest.xml:51:9-53:45
62            android:name="com.example.daferfus_upv.btle.Logros"
62-->src\main\AndroidManifest.xml:51:19-41
63            android:screenOrientation="portrait" />
63-->src\main\AndroidManifest.xml:52:13-49
64        <activity
64-->src\main\AndroidManifest.xml:54:9-56:45
65            android:name="com.example.daferfus_upv.btle.Consejos"
65-->src\main\AndroidManifest.xml:54:19-43
66            android:screenOrientation="portrait" />
66-->src\main\AndroidManifest.xml:55:13-49
67        <activity
67-->src\main\AndroidManifest.xml:57:9-59:45
68            android:name="com.example.daferfus_upv.btle.Recorrido"
68-->src\main\AndroidManifest.xml:57:19-44
69            android:screenOrientation="portrait" />
69-->src\main\AndroidManifest.xml:58:13-49
70        <activity
70-->src\main\AndroidManifest.xml:61:9-62:57
71            android:name="com.example.daferfus_upv.btle.Activities.MainActivity"
71-->src\main\AndroidManifest.xml:61:19-58
72            android:label="@string/app_name" />
72-->src\main\AndroidManifest.xml:62:13-45
73
74        <receiver android:name="com.example.daferfus_upv.btle.BD.ComprobadorEstadoRed" >
74-->src\main\AndroidManifest.xml:65:9-69:20
74-->src\main\AndroidManifest.xml:65:19-58
75            <intent-filter>
75-->src\main\AndroidManifest.xml:66:13-68:29
76                <action android:name="android.net.conn.CONNECTIVITY_CHANGE" />
76-->src\main\AndroidManifest.xml:67:17-79
76-->src\main\AndroidManifest.xml:67:25-76
77            </intent-filter>
78        </receiver>
79
80        <provider
80-->[androidx.work:work-runtime:2.0.0] AndroidManifest.xml:28:9-34:35
81            android:name="androidx.work.impl.WorkManagerInitializer"
81-->[androidx.work:work-runtime:2.0.0] AndroidManifest.xml:29:13-69
82            android:authorities="com.example.daferfus_upv.btle.workmanager-init"
82-->[androidx.work:work-runtime:2.0.0] AndroidManifest.xml:30:13-68
83            android:directBootAware="false"
83-->[androidx.work:work-runtime:2.0.0] AndroidManifest.xml:31:13-44
84            android:exported="false"
84-->[androidx.work:work-runtime:2.0.0] AndroidManifest.xml:32:13-37
85            android:multiprocess="true" />
85-->[androidx.work:work-runtime:2.0.0] AndroidManifest.xml:33:13-40
86
87        <service
87-->[androidx.work:work-runtime:2.0.0] AndroidManifest.xml:36:9-41:35
88            android:name="androidx.work.impl.background.systemalarm.SystemAlarmService"
88-->[androidx.work:work-runtime:2.0.0] AndroidManifest.xml:37:13-88
89            android:directBootAware="false"
89-->[androidx.work:work-runtime:2.0.0] AndroidManifest.xml:38:13-44
90            android:enabled="@bool/enable_system_alarm_service_default"
90-->[androidx.work:work-runtime:2.0.0] AndroidManifest.xml:39:13-72
91            android:exported="false" />
91-->[androidx.work:work-runtime:2.0.0] AndroidManifest.xml:40:13-37
92        <service
92-->[androidx.work:work-runtime:2.0.0] AndroidManifest.xml:42:9-48:35
93            android:name="androidx.work.impl.background.systemjob.SystemJobService"
93-->[androidx.work:work-runtime:2.0.0] AndroidManifest.xml:43:13-84
94            android:directBootAware="false"
94-->[androidx.work:work-runtime:2.0.0] AndroidManifest.xml:44:13-44
95            android:enabled="@bool/enable_system_job_service_default"
95-->[androidx.work:work-runtime:2.0.0] AndroidManifest.xml:45:13-70
96            android:exported="true"
96-->[androidx.work:work-runtime:2.0.0] AndroidManifest.xml:46:13-36
97            android:permission="android.permission.BIND_JOB_SERVICE" />
97-->[androidx.work:work-runtime:2.0.0] AndroidManifest.xml:47:13-69
98
99        <receiver
99-->[androidx.work:work-runtime:2.0.0] AndroidManifest.xml:50:9-55:35
100            android:name="androidx.work.impl.utils.ForceStopRunnable$BroadcastReceiver"
100-->[androidx.work:work-runtime:2.0.0] AndroidManifest.xml:51:13-88
101            android:directBootAware="false"
101-->[androidx.work:work-runtime:2.0.0] AndroidManifest.xml:52:13-44
102            android:enabled="true"
102-->[androidx.work:work-runtime:2.0.0] AndroidManifest.xml:53:13-35
103            android:exported="false" />
103-->[androidx.work:work-runtime:2.0.0] AndroidManifest.xml:54:13-37
104        <receiver
104-->[androidx.work:work-runtime:2.0.0] AndroidManifest.xml:56:9-66:20
105            android:name="androidx.work.impl.background.systemalarm.ConstraintProxy$BatteryChargingProxy"
105-->[androidx.work:work-runtime:2.0.0] AndroidManifest.xml:57:13-106
106            android:directBootAware="false"
106-->[androidx.work:work-runtime:2.0.0] AndroidManifest.xml:58:13-44
107            android:enabled="false"
107-->[androidx.work:work-runtime:2.0.0] AndroidManifest.xml:59:13-36
108            android:exported="false" >
108-->[androidx.work:work-runtime:2.0.0] AndroidManifest.xml:60:13-37
109            <intent-filter>
109-->[androidx.work:work-runtime:2.0.0] AndroidManifest.xml:62:13-65:29
110                <action android:name="android.intent.action.ACTION_POWER_CONNECTED" />
110-->[androidx.work:work-runtime:2.0.0] AndroidManifest.xml:63:17-87
110-->[androidx.work:work-runtime:2.0.0] AndroidManifest.xml:63:25-84
111                <action android:name="android.intent.action.ACTION_POWER_DISCONNECTED" />
111-->[androidx.work:work-runtime:2.0.0] AndroidManifest.xml:64:17-90
111-->[androidx.work:work-runtime:2.0.0] AndroidManifest.xml:64:25-87
112            </intent-filter>
113        </receiver>
114        <receiver
114-->[androidx.work:work-runtime:2.0.0] AndroidManifest.xml:67:9-77:20
115            android:name="androidx.work.impl.background.systemalarm.ConstraintProxy$BatteryNotLowProxy"
115-->[androidx.work:work-runtime:2.0.0] AndroidManifest.xml:68:13-104
116            android:directBootAware="false"
116-->[androidx.work:work-runtime:2.0.0] AndroidManifest.xml:69:13-44
117            android:enabled="false"
117-->[androidx.work:work-runtime:2.0.0] AndroidManifest.xml:70:13-36
118            android:exported="false" >
118-->[androidx.work:work-runtime:2.0.0] AndroidManifest.xml:71:13-37
119            <intent-filter>
119-->[androidx.work:work-runtime:2.0.0] AndroidManifest.xml:73:13-76:29
120                <action android:name="android.intent.action.BATTERY_OKAY" />
120-->[androidx.work:work-runtime:2.0.0] AndroidManifest.xml:74:17-77
120-->[androidx.work:work-runtime:2.0.0] AndroidManifest.xml:74:25-74
121                <action android:name="android.intent.action.BATTERY_LOW" />
121-->[androidx.work:work-runtime:2.0.0] AndroidManifest.xml:75:17-76
121-->[androidx.work:work-runtime:2.0.0] AndroidManifest.xml:75:25-73
122            </intent-filter>
123        </receiver>
124        <receiver
124-->[androidx.work:work-runtime:2.0.0] AndroidManifest.xml:78:9-88:20
125            android:name="androidx.work.impl.background.systemalarm.ConstraintProxy$StorageNotLowProxy"
125-->[androidx.work:work-runtime:2.0.0] AndroidManifest.xml:79:13-104
126            android:directBootAware="false"
126-->[androidx.work:work-runtime:2.0.0] AndroidManifest.xml:80:13-44
127            android:enabled="false"
127-->[androidx.work:work-runtime:2.0.0] AndroidManifest.xml:81:13-36
128            android:exported="false" >
128-->[androidx.work:work-runtime:2.0.0] AndroidManifest.xml:82:13-37
129            <intent-filter>
129-->[androidx.work:work-runtime:2.0.0] AndroidManifest.xml:84:13-87:29
130                <action android:name="android.intent.action.DEVICE_STORAGE_LOW" />
130-->[androidx.work:work-runtime:2.0.0] AndroidManifest.xml:85:17-83
130-->[androidx.work:work-runtime:2.0.0] AndroidManifest.xml:85:25-80
131                <action android:name="android.intent.action.DEVICE_STORAGE_OK" />
131-->[androidx.work:work-runtime:2.0.0] AndroidManifest.xml:86:17-82
131-->[androidx.work:work-runtime:2.0.0] AndroidManifest.xml:86:25-79
132            </intent-filter>
133        </receiver>
134        <receiver
134-->[androidx.work:work-runtime:2.0.0] AndroidManifest.xml:89:9-98:20
135            android:name="androidx.work.impl.background.systemalarm.ConstraintProxy$NetworkStateProxy"
135-->[androidx.work:work-runtime:2.0.0] AndroidManifest.xml:90:13-103
136            android:directBootAware="false"
136-->[androidx.work:work-runtime:2.0.0] AndroidManifest.xml:91:13-44
137            android:enabled="false"
137-->[androidx.work:work-runtime:2.0.0] AndroidManifest.xml:92:13-36
138            android:exported="false" >
138-->[androidx.work:work-runtime:2.0.0] AndroidManifest.xml:93:13-37
139            <intent-filter>
139-->src\main\AndroidManifest.xml:66:13-68:29
140                <action android:name="android.net.conn.CONNECTIVITY_CHANGE" />
140-->src\main\AndroidManifest.xml:67:17-79
140-->src\main\AndroidManifest.xml:67:25-76
141            </intent-filter>
142        </receiver>
143        <receiver
143-->[androidx.work:work-runtime:2.0.0] AndroidManifest.xml:99:9-110:20
144            android:name="androidx.work.impl.background.systemalarm.RescheduleReceiver"
144-->[androidx.work:work-runtime:2.0.0] AndroidManifest.xml:100:13-88
145            android:directBootAware="false"
145-->[androidx.work:work-runtime:2.0.0] AndroidManifest.xml:101:13-44
146            android:enabled="false"
146-->[androidx.work:work-runtime:2.0.0] AndroidManifest.xml:102:13-36
147            android:exported="false" >
147-->[androidx.work:work-runtime:2.0.0] AndroidManifest.xml:103:13-37
148            <intent-filter>
148-->[androidx.work:work-runtime:2.0.0] AndroidManifest.xml:105:13-109:29
149                <action android:name="android.intent.action.BOOT_COMPLETED" />
149-->[androidx.work:work-runtime:2.0.0] AndroidManifest.xml:106:17-79
149-->[androidx.work:work-runtime:2.0.0] AndroidManifest.xml:106:25-76
150                <action android:name="android.intent.action.TIME_SET" />
150-->[androidx.work:work-runtime:2.0.0] AndroidManifest.xml:107:17-73
150-->[androidx.work:work-runtime:2.0.0] AndroidManifest.xml:107:25-70
151                <action android:name="android.intent.action.TIMEZONE_CHANGED" />
151-->[androidx.work:work-runtime:2.0.0] AndroidManifest.xml:108:17-81
151-->[androidx.work:work-runtime:2.0.0] AndroidManifest.xml:108:25-78
152            </intent-filter>
153        </receiver>
154        <receiver
154-->[androidx.work:work-runtime:2.0.0] AndroidManifest.xml:111:9-120:20
155            android:name="androidx.work.impl.background.systemalarm.ConstraintProxyUpdateReceiver"
155-->[androidx.work:work-runtime:2.0.0] AndroidManifest.xml:112:13-99
156            android:directBootAware="false"
156-->[androidx.work:work-runtime:2.0.0] AndroidManifest.xml:113:13-44
157            android:enabled="@bool/enable_system_alarm_service_default"
157-->[androidx.work:work-runtime:2.0.0] AndroidManifest.xml:114:13-72
158            android:exported="false" >
158-->[androidx.work:work-runtime:2.0.0] AndroidManifest.xml:115:13-37
159            <intent-filter>
159-->[androidx.work:work-runtime:2.0.0] AndroidManifest.xml:117:13-119:29
160                <action android:name="androidx.work.impl.background.systemalarm.UpdateProxies" />
160-->[androidx.work:work-runtime:2.0.0] AndroidManifest.xml:118:17-98
160-->[androidx.work:work-runtime:2.0.0] AndroidManifest.xml:118:25-95
161            </intent-filter>
162        </receiver>
163
164        <activity
164-->[com.google.android.gms:play-services-base:17.3.0] AndroidManifest.xml:23:9-26:75
165            android:name="com.google.android.gms.common.api.GoogleApiActivity"
165-->[com.google.android.gms:play-services-base:17.3.0] AndroidManifest.xml:24:13-79
166            android:exported="false"
166-->[com.google.android.gms:play-services-base:17.3.0] AndroidManifest.xml:25:13-37
167            android:theme="@android:style/Theme.Translucent.NoTitleBar" />
167-->[com.google.android.gms:play-services-base:17.3.0] AndroidManifest.xml:26:13-72
168
169        <meta-data
169-->[com.google.android.gms:play-services-basement:17.3.0] AndroidManifest.xml:23:9-25:69
170            android:name="com.google.android.gms.version"
170-->[com.google.android.gms:play-services-basement:17.3.0] AndroidManifest.xml:24:13-58
171            android:value="@integer/google_play_services_version" />
171-->[com.google.android.gms:play-services-basement:17.3.0] AndroidManifest.xml:25:13-66
172
173        <provider
173-->[androidx.lifecycle:lifecycle-process:2.0.0] AndroidManifest.xml:23:9-27:43
174            android:name="androidx.lifecycle.ProcessLifecycleOwnerInitializer"
174-->[androidx.lifecycle:lifecycle-process:2.0.0] AndroidManifest.xml:24:13-79
175            android:authorities="com.example.daferfus_upv.btle.lifecycle-process"
175-->[androidx.lifecycle:lifecycle-process:2.0.0] AndroidManifest.xml:25:13-69
176            android:exported="false"
176-->[androidx.lifecycle:lifecycle-process:2.0.0] AndroidManifest.xml:26:13-37
177            android:multiprocess="true" />
177-->[androidx.lifecycle:lifecycle-process:2.0.0] AndroidManifest.xml:27:13-40
178    </application>
179
180</manifest>